[09-Nov-2025 09:46:57 UTC] PHP Warning:  Undefined array key 0 in C:\wamp64\www\APITuanichat\vendor\easy-projects\simple-router\src\Router.php on line 41
[09-Nov-2025 09:46:57 UTC] PHP Stack trace:
[09-Nov-2025 09:46:57 UTC] PHP   1. {main}() C:\wamp64\www\APITuanichat\index.php:0
[09-Nov-2025 09:46:57 UTC] PHP   2. App\Routers\ProductsRouter->__construct($router = class EasyProjects\SimpleRouter\Router { private $input = FALSE; private ?EasyProjects\SimpleRouter\Cors $cors = class EasyProjects\SimpleRouter\Cors {  } }, $tokenMiddleware = *uninitialized*, $productController = *uninitialized*) C:\wamp64\www\APITuanichat\index.php:52
[09-Nov-2025 09:46:57 UTC] PHP   3. EasyProjects\SimpleRouter\Router->post($root = '/products/{id}/main-image', ...$callbacks = variadic(class Closure { virtual $closure = "$this->App\Routers\{closure}", public $static = ['tokenMiddleware' => class App\Middlewares\TokenMiddleware { ... }]; public $this = class App\Routers\ProductsRouter {  } }, class Closure { virtual $closure = "$this->App\Routers\{closure}", public $static = ['productController' => class App\Controllers\ProductController { ... }]; public $this = class App\Routers\ProductsRouter {  }; public $parameter = ['$id' => '<required>'] })) C:\wamp64\www\APITuanichat\App\Routers\ProductsRouter.php:128
[09-Nov-2025 09:46:57 UTC] PHP   4. EasyProjects\SimpleRouter\Router->WriteRoot($root = '/products/{id}/main-image', $regex = '\\/APITuanichat\\/products\\/(.*?)\\/main-image\\/', $uri = '/APItuanichat/products/2/main-image/') C:\wamp64\www\APITuanichat\vendor\easy-projects\simple-router\src\Router.php:123
[09-Nov-2025 09:46:57 UTC] PHP Deprecated:  urldecode(): Passing null to parameter #1 ($string) of type string is deprecated in C:\wamp64\www\APITuanichat\vendor\easy-projects\simple-router\src\Request.php on line 45
[09-Nov-2025 09:46:57 UTC] PHP Stack trace:
[09-Nov-2025 09:46:57 UTC] PHP   1. {main}() C:\wamp64\www\APITuanichat\index.php:0
[09-Nov-2025 09:46:57 UTC] PHP   2. App\Routers\ProductsRouter->__construct($router = class EasyProjects\SimpleRouter\Router { private $input = NULL; private ?EasyProjects\SimpleRouter\Cors $cors = class EasyProjects\SimpleRouter\Cors {  } }, $tokenMiddleware = *uninitialized*, $productController = *uninitialized*) C:\wamp64\www\APITuanichat\index.php:52
[09-Nov-2025 09:46:57 UTC] PHP   3. EasyProjects\SimpleRouter\Router->post($root = '/products/{id}/main-image', ...$callbacks = variadic(class Closure { virtual $closure = "$this->App\Routers\{closure}", public $static = ['tokenMiddleware' => class App\Middlewares\TokenMiddleware { ... }]; public $this = class App\Routers\ProductsRouter {  } }, class Closure { virtual $closure = "$this->App\Routers\{closure}", public $static = ['productController' => class App\Controllers\ProductController { ... }]; public $this = class App\Routers\ProductsRouter {  }; public $parameter = ['$id' => '<required>'] })) C:\wamp64\www\APITuanichat\App\Routers\ProductsRouter.php:128
[09-Nov-2025 09:46:57 UTC] PHP   4. EasyProjects\SimpleRouter\Request->__construct($body = [], $params = ['id' => NULL], $headers = ['Host' => 'localhost', 'Connection' => 'keep-alive', 'Content-Length' => '38586', 'sec-ch-ua-platform' => '"Windows"', 'Authorization' => 'Bearer eyJ0eXAiOiJKV1QiLCJhbGciOiJIUzI1NiJ9.eyJ1c2VyX2lkIjoyLCJlbWFpbCI6ImFkbWluMkBhZG1pbjIiLCJpYXQiOjE3NjI2NzgyMTgsImV4cCI6MTc2MjY4MTgxOH0.gFSK2YbWoIrJexOBiABFxxiye5075kwGvpPWbDUpIdI', 'User-Agent' => 'Mozilla/5.0 (Windows NT 10.0; Win64; x64) AppleWebKit/537.36 (KHTML, like Gecko) Chrome/135.0.0.0 Safari/537.36 OPR/120.0.0.0', 'sec-ch-ua' => '"Opera";v="120", "Not-A.Brand";v="8", "Chromium";v="135"', 'Content-Type' => 'multipart/form-data; boundary=----WebKitFormBoundaryavaaiD7uUzWSTJra', 'sec-ch-ua-mobile' => '?0', 'Accept' => '*/*', 'Origin' => 'http://localhost:3000', 'Sec-Fetch-Site' => 'same-site', 'Sec-Fetch-Mode' => 'cors', 'Sec-Fetch-Dest' => 'empty', 'Referer' => 'http://localhost:3000/', 'Accept-Encoding' => 'gzip, deflate, br, zstd', 'Accept-Language' => 'es-ES,es;q=0.9,en;q=0.8,fr;q=0.7'], $query = []) C:\wamp64\www\APITuanichat\vendor\easy-projects\simple-router\src\Router.php:129
[09-Nov-2025 09:46:57 UTC] PHP   5. EasyProjects\SimpleRouter\Request->decodeUrlData($params = ['id' => NULL]) C:\wamp64\www\APITuanichat\vendor\easy-projects\simple-router\src\Request.php:13
[09-Nov-2025 09:46:57 UTC] PHP   6. urldecode($string = NULL) C:\wamp64\www\APITuanichat\vendor\easy-projects\simple-router\src\Request.php:45
[09-Nov-2025 09:46:57 UTC] PHP Fatal error:  Uncaught Error: Object of class EasyProjects\SimpleRouter\Request could not be converted to string in C:\wamp64\www\APITuanichat\App\Controllers\ProductController.php:452
Stack trace:
#0 C:\wamp64\www\APITuanichat\App\Routers\ProductsRouter.php(127): App\Controllers\ProductController->updateMainImage(Object(EasyProjects\SimpleRouter\Request))
#1 C:\wamp64\www\APITuanichat\vendor\easy-projects\simple-router\src\Router.php(135): App\Routers\ProductsRouter->App\Routers\{closure}(Object(EasyProjects\SimpleRouter\Request), Object(EasyProjects\SimpleRouter\Response))
#2 C:\wamp64\www\APITuanichat\App\Routers\ProductsRouter.php(128): EasyProjects\SimpleRouter\Router->post('/products/{id}/...', Object(Closure), Object(Closure))
#3 C:\wamp64\www\APITuanichat\index.php(52): App\Routers\ProductsRouter->__construct(Object(EasyProjects\SimpleRouter\Router))
#4 {main}
  thrown in C:\wamp64\www\APITuanichat\App\Controllers\ProductController.php on line 452
[09-Nov-2025 09:49:18 UTC] PHP Warning:  Undefined array key 0 in C:\wamp64\www\APITuanichat\vendor\easy-projects\simple-router\src\Router.php on line 41
[09-Nov-2025 09:49:18 UTC] PHP Stack trace:
[09-Nov-2025 09:49:18 UTC] PHP   1. {main}() C:\wamp64\www\APITuanichat\index.php:0
[09-Nov-2025 09:49:18 UTC] PHP   2. App\Routers\ProductsRouter->__construct($router = class EasyProjects\SimpleRouter\Router { private $input = FALSE; private ?EasyProjects\SimpleRouter\Cors $cors = class EasyProjects\SimpleRouter\Cors {  } }, $tokenMiddleware = *uninitialized*, $productController = *uninitialized*) C:\wamp64\www\APITuanichat\index.php:52
[09-Nov-2025 09:49:18 UTC] PHP   3. EasyProjects\SimpleRouter\Router->post($root = '/products/{id}/main-image', ...$callbacks = variadic(class Closure { virtual $closure = "$this->App\Routers\{closure}", public $static = ['tokenMiddleware' => class App\Middlewares\TokenMiddleware { ... }]; public $this = class App\Routers\ProductsRouter {  } }, class Closure { virtual $closure = "$this->App\Routers\{closure}", public $static = ['productController' => class App\Controllers\ProductController { ... }]; public $this = class App\Routers\ProductsRouter {  }; public $parameter = ['$id' => '<required>'] })) C:\wamp64\www\APITuanichat\App\Routers\ProductsRouter.php:128
[09-Nov-2025 09:49:18 UTC] PHP   4. EasyProjects\SimpleRouter\Router->WriteRoot($root = '/products/{id}/main-image', $regex = '\\/APITuanichat\\/products\\/(.*?)\\/main-image\\/', $uri = '/APItuanichat/products/2/main-image/') C:\wamp64\www\APITuanichat\vendor\easy-projects\simple-router\src\Router.php:123
[09-Nov-2025 09:49:18 UTC] PHP Deprecated:  urldecode(): Passing null to parameter #1 ($string) of type string is deprecated in C:\wamp64\www\APITuanichat\vendor\easy-projects\simple-router\src\Request.php on line 45
[09-Nov-2025 09:49:18 UTC] PHP Stack trace:
[09-Nov-2025 09:49:18 UTC] PHP   1. {main}() C:\wamp64\www\APITuanichat\index.php:0
[09-Nov-2025 09:49:18 UTC] PHP   2. App\Routers\ProductsRouter->__construct($router = class EasyProjects\SimpleRouter\Router { private $input = NULL; private ?EasyProjects\SimpleRouter\Cors $cors = class EasyProjects\SimpleRouter\Cors {  } }, $tokenMiddleware = *uninitialized*, $productController = *uninitialized*) C:\wamp64\www\APITuanichat\index.php:52
[09-Nov-2025 09:49:18 UTC] PHP   3. EasyProjects\SimpleRouter\Router->post($root = '/products/{id}/main-image', ...$callbacks = variadic(class Closure { virtual $closure = "$this->App\Routers\{closure}", public $static = ['tokenMiddleware' => class App\Middlewares\TokenMiddleware { ... }]; public $this = class App\Routers\ProductsRouter {  } }, class Closure { virtual $closure = "$this->App\Routers\{closure}", public $static = ['productController' => class App\Controllers\ProductController { ... }]; public $this = class App\Routers\ProductsRouter {  }; public $parameter = ['$id' => '<required>'] })) C:\wamp64\www\APITuanichat\App\Routers\ProductsRouter.php:128
[09-Nov-2025 09:49:18 UTC] PHP   4. EasyProjects\SimpleRouter\Request->__construct($body = [], $params = ['id' => NULL], $headers = ['Host' => 'localhost', 'Connection' => 'keep-alive', 'Content-Length' => '132232', 'sec-ch-ua-platform' => '"Windows"', 'Authorization' => 'Bearer eyJ0eXAiOiJKV1QiLCJhbGciOiJIUzI1NiJ9.eyJ1c2VyX2lkIjoyLCJlbWFpbCI6ImFkbWluMkBhZG1pbjIiLCJpYXQiOjE3NjI2NzgyMTgsImV4cCI6MTc2MjY4MTgxOH0.gFSK2YbWoIrJexOBiABFxxiye5075kwGvpPWbDUpIdI', 'User-Agent' => 'Mozilla/5.0 (Windows NT 10.0; Win64; x64) AppleWebKit/537.36 (KHTML, like Gecko) Chrome/135.0.0.0 Safari/537.36 OPR/120.0.0.0', 'sec-ch-ua' => '"Opera";v="120", "Not-A.Brand";v="8", "Chromium";v="135"', 'Content-Type' => 'multipart/form-data; boundary=----WebKitFormBoundaryJBAj4T0clEtCmDPU', 'sec-ch-ua-mobile' => '?0', 'Accept' => '*/*', 'Origin' => 'http://localhost:3000', 'Sec-Fetch-Site' => 'same-site', 'Sec-Fetch-Mode' => 'cors', 'Sec-Fetch-Dest' => 'empty', 'Referer' => 'http://localhost:3000/', 'Accept-Encoding' => 'gzip, deflate, br, zstd', 'Accept-Language' => 'es-ES,es;q=0.9,en;q=0.8,fr;q=0.7'], $query = []) C:\wamp64\www\APITuanichat\vendor\easy-projects\simple-router\src\Router.php:129
[09-Nov-2025 09:49:18 UTC] PHP   5. EasyProjects\SimpleRouter\Request->decodeUrlData($params = ['id' => NULL]) C:\wamp64\www\APITuanichat\vendor\easy-projects\simple-router\src\Request.php:13
[09-Nov-2025 09:49:18 UTC] PHP   6. urldecode($string = NULL) C:\wamp64\www\APITuanichat\vendor\easy-projects\simple-router\src\Request.php:45
[09-Nov-2025 09:49:18 UTC] PHP Fatal error:  Uncaught Error: Object of class EasyProjects\SimpleRouter\Request could not be converted to string in C:\wamp64\www\APITuanichat\App\Controllers\ProductController.php:460
Stack trace:
#0 C:\wamp64\www\APITuanichat\App\Routers\ProductsRouter.php(127): App\Controllers\ProductController->updateMainImage(Object(EasyProjects\SimpleRouter\Request))
#1 C:\wamp64\www\APITuanichat\vendor\easy-projects\simple-router\src\Router.php(135): App\Routers\ProductsRouter->App\Routers\{closure}(Object(EasyProjects\SimpleRouter\Request), Object(EasyProjects\SimpleRouter\Response))
#2 C:\wamp64\www\APITuanichat\App\Routers\ProductsRouter.php(128): EasyProjects\SimpleRouter\Router->post('/products/{id}/...', Object(Closure), Object(Closure))
#3 C:\wamp64\www\APITuanichat\index.php(52): App\Routers\ProductsRouter->__construct(Object(EasyProjects\SimpleRouter\Router))
#4 {main}
  thrown in C:\wamp64\www\APITuanichat\App\Controllers\ProductController.php on line 460
[12-Nov-2025 19:51:20 UTC] PHP Warning:  Undefined array key 0 in C:\wamp64\www\APITuanichat\vendor\easy-projects\simple-router\src\Router.php on line 41
[12-Nov-2025 19:51:20 UTC] PHP Stack trace:
[12-Nov-2025 19:51:20 UTC] PHP   1. {main}() C:\wamp64\www\APITuanichat\index.php:0
[12-Nov-2025 19:51:20 UTC] PHP   2. App\Routers\RestaurantsRouter->__construct($router = class EasyProjects\SimpleRouter\Router { private $input = FALSE; private ?EasyProjects\SimpleRouter\Cors $cors = class EasyProjects\SimpleRouter\Cors {  } }, $tokenMiddleware = *uninitialized*, $restaurantController = *uninitialized*) C:\wamp64\www\APITuanichat\index.php:51
[12-Nov-2025 19:51:20 UTC] PHP   3. EasyProjects\SimpleRouter\Router->get($root = '/restaurants/{restaurantId:\\d+}/dishes', ...$callbacks = variadic(class Closure { virtual $closure = "$this->App\Routers\{closure}", public $static = ['tokenMiddleware' => class App\Middlewares\TokenMiddleware { ... }]; public $this = class App\Routers\RestaurantsRouter {  } }, class Closure { virtual $closure = "$this->App\Routers\{closure}", public $static = ['restaurantController' => class App\Controllers\RestaurantController { ... }]; public $this = class App\Routers\RestaurantsRouter {  }; public $parameter = ['$restaurantId' => '<required>'] })) C:\wamp64\www\APITuanichat\App\Routers\RestaurantsRouter.php:118
[12-Nov-2025 19:51:20 UTC] PHP   4. EasyProjects\SimpleRouter\Router->WriteRoot($root = '/restaurants/{restaurantId:\\d+}/dishes', $regex = '\\/APITuanichat\\/restaurants\\/(.*?)\\/dishes\\/', $uri = '/APItuanichat/restaurants/1/dishes/') C:\wamp64\www\APITuanichat\vendor\easy-projects\simple-router\src\Router.php:104
[12-Nov-2025 19:51:20 UTC] PHP Deprecated:  urldecode(): Passing null to parameter #1 ($string) of type string is deprecated in C:\wamp64\www\APITuanichat\vendor\easy-projects\simple-router\src\Request.php on line 45
[12-Nov-2025 19:51:20 UTC] PHP Stack trace:
[12-Nov-2025 19:51:20 UTC] PHP   1. {main}() C:\wamp64\www\APITuanichat\index.php:0
[12-Nov-2025 19:51:20 UTC] PHP   2. App\Routers\RestaurantsRouter->__construct($router = class EasyProjects\SimpleRouter\Router { private $input = FALSE; private ?EasyProjects\SimpleRouter\Cors $cors = class EasyProjects\SimpleRouter\Cors {  } }, $tokenMiddleware = *uninitialized*, $restaurantController = *uninitialized*) C:\wamp64\www\APITuanichat\index.php:51
[12-Nov-2025 19:51:20 UTC] PHP   3. EasyProjects\SimpleRouter\Router->get($root = '/restaurants/{restaurantId:\\d+}/dishes', ...$callbacks = variadic(class Closure { virtual $closure = "$this->App\Routers\{closure}", public $static = ['tokenMiddleware' => class App\Middlewares\TokenMiddleware { ... }]; public $this = class App\Routers\RestaurantsRouter {  } }, class Closure { virtual $closure = "$this->App\Routers\{closure}", public $static = ['restaurantController' => class App\Controllers\RestaurantController { ... }]; public $this = class App\Routers\RestaurantsRouter {  }; public $parameter = ['$restaurantId' => '<required>'] })) C:\wamp64\www\APITuanichat\App\Routers\RestaurantsRouter.php:118
[12-Nov-2025 19:51:20 UTC] PHP   4. EasyProjects\SimpleRouter\Request->__construct($body = [], $params = ['restaurantId:\\d+' => NULL], $headers = ['Host' => 'localhost', 'Connection' => 'keep-alive', 'sec-ch-ua-platform' => '"Windows"', 'User-Agent' => 'Mozilla/5.0 (Windows NT 10.0; Win64; x64) AppleWebKit/537.36 (KHTML, like Gecko) Chrome/135.0.0.0 Safari/537.36 OPR/120.0.0.0', 'sec-ch-ua' => '"Opera";v="120", "Not-A.Brand";v="8", "Chromium";v="135"', 'sec-ch-ua-mobile' => '?0', 'Accept' => '*/*', 'Origin' => 'http://localhost:3000', 'Sec-Fetch-Site' => 'same-site', 'Sec-Fetch-Mode' => 'cors', 'Sec-Fetch-Dest' => 'empty', 'Referer' => 'http://localhost:3000/', 'Accept-Encoding' => 'gzip, deflate, br, zstd', 'Accept-Language' => 'es-ES,es;q=0.9,en;q=0.8,fr;q=0.7'], $query = []) C:\wamp64\www\APITuanichat\vendor\easy-projects\simple-router\src\Router.php:109
[12-Nov-2025 19:51:20 UTC] PHP   5. EasyProjects\SimpleRouter\Request->decodeUrlData($params = ['restaurantId:\\d+' => NULL]) C:\wamp64\www\APITuanichat\vendor\easy-projects\simple-router\src\Request.php:13
[12-Nov-2025 19:51:20 UTC] PHP   6. urldecode($string = NULL) C:\wamp64\www\APITuanichat\vendor\easy-projects\simple-router\src\Request.php:45
[12-Nov-2025 19:51:20 UTC] PHP Warning:  Object of class EasyProjects\SimpleRouter\Request could not be converted to int in C:\wamp64\www\APITuanichat\App\Controllers\RestaurantController.php on line 643
[12-Nov-2025 19:51:20 UTC] PHP Stack trace:
[12-Nov-2025 19:51:20 UTC] PHP   1. {main}() C:\wamp64\www\APITuanichat\index.php:0
[12-Nov-2025 19:51:20 UTC] PHP   2. App\Routers\RestaurantsRouter->__construct($router = class EasyProjects\SimpleRouter\Router { private $input = FALSE; private ?EasyProjects\SimpleRouter\Cors $cors = class EasyProjects\SimpleRouter\Cors {  } }, $tokenMiddleware = *uninitialized*, $restaurantController = *uninitialized*) C:\wamp64\www\APITuanichat\index.php:51
[12-Nov-2025 19:51:20 UTC] PHP   3. EasyProjects\SimpleRouter\Router->get($root = '/restaurants/{restaurantId:\\d+}/dishes', ...$callbacks = variadic(class Closure { virtual $closure = "$this->App\Routers\{closure}", public $static = ['tokenMiddleware' => class App\Middlewares\TokenMiddleware { ... }]; public $this = class App\Routers\RestaurantsRouter {  } }, class Closure { virtual $closure = "$this->App\Routers\{closure}", public $static = ['restaurantController' => class App\Controllers\RestaurantController { ... }]; public $this = class App\Routers\RestaurantsRouter {  }; public $parameter = ['$restaurantId' => '<required>'] })) C:\wamp64\www\APITuanichat\App\Routers\RestaurantsRouter.php:118
[12-Nov-2025 19:51:20 UTC] PHP   4. App\Routers\RestaurantsRouter->App\Routers\{closure:C:\wamp64\www\APITuanichat\App\Routers\RestaurantsRouter.php:117-118}($restaurantId = class EasyProjects\SimpleRouter\Request { public $params = class stdClass { public $restaurantId:\d+ = '' }; public $query = []; public $body = []; public $files = []; public $headers = class stdClass { public $Host = 'localhost'; public $Connection = 'keep-alive'; public $sec-ch-ua-platform = '"Windows"'; public $User-Agent = 'Mozilla/5.0 (Windows NT 10.0; Win64; x64) AppleWebKit/537.36 (KHTML, like Gecko) Chrome/135.0.0.0 Safari/537.36 OPR/120.0.0.0'; public $sec-ch-ua = '"Opera";v="120", "Not-A.Brand";v="8", "Chromium";v="135"'; public $sec-ch-ua-mobile = '?0'; public $Accept = '*/*'; public $Origin = 'http://localhost:3000'; public $Sec-Fetch-Site = 'same-site'; public $Sec-Fetch-Mode = 'cors'; public $Sec-Fetch-Dest = 'empty'; public $Referer = 'http://localhost:3000/'; public $Accept-Encoding = 'gzip, deflate, br, zstd'; public $Accept-Language = 'es-ES,es;q=0.9,en;q=0.8,fr;q=0.7' } }, class EasyProjects\SimpleRouter\Response {  }) C:\wamp64\www\APITuanichat\vendor\easy-projects\simple-router\src\Router.php:115
[12-Nov-2025 19:51:20 UTC] PHP   5. App\Controllers\RestaurantController->getRestaurantDishes($restaurantId = class EasyProjects\SimpleRouter\Request { public $params = class stdClass { public $restaurantId:\d+ = '' }; public $query = []; public $body = []; public $files = []; public $headers = class stdClass { public $Host = 'localhost'; public $Connection = 'keep-alive'; public $sec-ch-ua-platform = '"Windows"'; public $User-Agent = 'Mozilla/5.0 (Windows NT 10.0; Win64; x64) AppleWebKit/537.36 (KHTML, like Gecko) Chrome/135.0.0.0 Safari/537.36 OPR/120.0.0.0'; public $sec-ch-ua = '"Opera";v="120", "Not-A.Brand";v="8", "Chromium";v="135"'; public $sec-ch-ua-mobile = '?0'; public $Accept = '*/*'; public $Origin = 'http://localhost:3000'; public $Sec-Fetch-Site = 'same-site'; public $Sec-Fetch-Mode = 'cors'; public $Sec-Fetch-Dest = 'empty'; public $Referer = 'http://localhost:3000/'; public $Accept-Encoding = 'gzip, deflate, br, zstd'; public $Accept-Language = 'es-ES,es;q=0.9,en;q=0.8,fr;q=0.7' } }) C:\wamp64\www\APITuanichat\App\Routers\RestaurantsRouter.php:117
[12-Nov-2025 19:51:50 UTC] PHP Warning:  Undefined array key 0 in C:\wamp64\www\APITuanichat\vendor\easy-projects\simple-router\src\Router.php on line 41
[12-Nov-2025 19:51:50 UTC] PHP Stack trace:
[12-Nov-2025 19:51:50 UTC] PHP   1. {main}() C:\wamp64\www\APITuanichat\index.php:0
[12-Nov-2025 19:51:50 UTC] PHP   2. App\Routers\ProfileRouter->__construct($router = class EasyProjects\SimpleRouter\Router { private $input = FALSE; private ?EasyProjects\SimpleRouter\Cors $cors = class EasyProjects\SimpleRouter\Cors {  } }, $tokenMiddleware = *uninitialized*, $profileController = *uninitialized*) C:\wamp64\www\APITuanichat\index.php:46
[12-Nov-2025 19:51:50 UTC] PHP   3. EasyProjects\SimpleRouter\Router->post($root = '/profile/avatar/{userId}', ...$callbacks = variadic(class Closure { virtual $closure = "$this->App\Routers\{closure}", public $static = ['tokenMiddleware' => class App\Middlewares\TokenMiddleware { ... }]; public $this = class App\Routers\ProfileRouter {  } }, class Closure { virtual $closure = "$this->App\Routers\{closure}", public $static = ['profileController' => class App\Controllers\ProfileController { ... }]; public $this = class App\Routers\ProfileRouter {  } })) C:\wamp64\www\APITuanichat\App\Routers\ProfileRouter.php:42
[12-Nov-2025 19:51:50 UTC] PHP   4. EasyProjects\SimpleRouter\Router->WriteRoot($root = '/profile/avatar/{userId}', $regex = '\\/APITuanichat\\/profile\\/avatar\\/(.*?)\\/', $uri = '/APItuanichat/profile/avatar/2/') C:\wamp64\www\APITuanichat\vendor\easy-projects\simple-router\src\Router.php:123
[12-Nov-2025 19:51:50 UTC] PHP Deprecated:  urldecode(): Passing null to parameter #1 ($string) of type string is deprecated in C:\wamp64\www\APITuanichat\vendor\easy-projects\simple-router\src\Request.php on line 45
[12-Nov-2025 19:51:50 UTC] PHP Stack trace:
[12-Nov-2025 19:51:50 UTC] PHP   1. {main}() C:\wamp64\www\APITuanichat\index.php:0
[12-Nov-2025 19:51:50 UTC] PHP   2. App\Routers\ProfileRouter->__construct($router = class EasyProjects\SimpleRouter\Router { private $input = NULL; private ?EasyProjects\SimpleRouter\Cors $cors = class EasyProjects\SimpleRouter\Cors {  } }, $tokenMiddleware = *uninitialized*, $profileController = *uninitialized*) C:\wamp64\www\APITuanichat\index.php:46
[12-Nov-2025 19:51:50 UTC] PHP   3. EasyProjects\SimpleRouter\Router->post($root = '/profile/avatar/{userId}', ...$callbacks = variadic(class Closure { virtual $closure = "$this->App\Routers\{closure}", public $static = ['tokenMiddleware' => class App\Middlewares\TokenMiddleware { ... }]; public $this = class App\Routers\ProfileRouter {  } }, class Closure { virtual $closure = "$this->App\Routers\{closure}", public $static = ['profileController' => class App\Controllers\ProfileController { ... }]; public $this = class App\Routers\ProfileRouter {  } })) C:\wamp64\www\APITuanichat\App\Routers\ProfileRouter.php:42
[12-Nov-2025 19:51:50 UTC] PHP   4. EasyProjects\SimpleRouter\Request->__construct($body = [], $params = ['userId' => NULL], $headers = ['Host' => 'localhost', 'Connection' => 'keep-alive', 'Content-Length' => '1902', 'sec-ch-ua-platform' => '"Windows"', 'Authorization' => 'Bearer eyJ0eXAiOiJKV1QiLCJhbGciOiJIUzI1NiJ9.eyJ1c2VyX2lkIjoyLCJlbWFpbCI6ImFkbWluMkBhZG1pbjIiLCJpYXQiOjE3NjI5NzcwMzgsImV4cCI6MTc2Mjk4MDYzOH0.ww8MnGVH7_GXF1VTHhNhS-x86UscJGM51EAR0ZrTSYU', 'User-Agent' => 'Mozilla/5.0 (Windows NT 10.0; Win64; x64) AppleWebKit/537.36 (KHTML, like Gecko) Chrome/135.0.0.0 Safari/537.36 OPR/120.0.0.0', 'sec-ch-ua' => '"Opera";v="120", "Not-A.Brand";v="8", "Chromium";v="135"', 'Content-Type' => 'multipart/form-data; boundary=----WebKitFormBoundaryIgTveBE0MRKN3IKb', 'sec-ch-ua-mobile' => '?0', 'Accept' => '*/*', 'Origin' => 'http://localhost:3000', 'Sec-Fetch-Site' => 'same-site', 'Sec-Fetch-Mode' => 'cors', 'Sec-Fetch-Dest' => 'empty', 'Referer' => 'http://localhost:3000/', 'Accept-Encoding' => 'gzip, deflate, br, zstd', 'Accept-Language' => 'es-ES,es;q=0.9,en;q=0.8,fr;q=0.7'], $query = []) C:\wamp64\www\APITuanichat\vendor\easy-projects\simple-router\src\Router.php:129
[12-Nov-2025 19:51:50 UTC] PHP   5. EasyProjects\SimpleRouter\Request->decodeUrlData($params = ['userId' => NULL]) C:\wamp64\www\APITuanichat\vendor\easy-projects\simple-router\src\Request.php:13
[12-Nov-2025 19:51:50 UTC] PHP   6. urldecode($string = NULL) C:\wamp64\www\APITuanichat\vendor\easy-projects\simple-router\src\Request.php:45
[12-Nov-2025 19:51:50 UTC] PHP Fatal error:  Uncaught TypeError: App\Models\ProfileModel::updateAvatar(): Argument #1 ($userId) must be of type int, string given, called in C:\wamp64\www\APITuanichat\App\Controllers\ProfileController.php on line 114 and defined in C:\wamp64\www\APITuanichat\App\Models\ProfileModel.php:97
Stack trace:
#0 C:\wamp64\www\APITuanichat\App\Controllers\ProfileController.php(114): App\Models\ProfileModel->updateAvatar('', '/uploads/avatar...')
#1 C:\wamp64\www\APITuanichat\App\Routers\ProfileRouter.php(41): App\Controllers\ProfileController->updateAvatar()
#2 C:\wamp64\www\APITuanichat\vendor\easy-projects\simple-router\src\Router.php(135): App\Routers\ProfileRouter->App\Routers\{closure}(Object(EasyProjects\SimpleRouter\Request), Object(EasyProjects\SimpleRouter\Response))
#3 C:\wamp64\www\APITuanichat\App\Routers\ProfileRouter.php(42): EasyProjects\SimpleRouter\Router->post('/profile/avatar...', Object(Closure), Object(Closure))
#4 C:\wamp64\www\APITuanichat\index.php(46): App\Routers\ProfileRouter->__construct(Object(EasyProjects\SimpleRouter\Router))
#5 {main}
  thrown in C:\wamp64\www\APITuanichat\App\Models\ProfileModel.php on line 97
[12-Nov-2025 19:51:55 UTC] PHP Warning:  Undefined array key 0 in C:\wamp64\www\APITuanichat\vendor\easy-projects\simple-router\src\Router.php on line 41
[12-Nov-2025 19:51:55 UTC] PHP Stack trace:
[12-Nov-2025 19:51:55 UTC] PHP   1. {main}() C:\wamp64\www\APITuanichat\index.php:0
[12-Nov-2025 19:51:55 UTC] PHP   2. App\Routers\ProfileRouter->__construct($router = class EasyProjects\SimpleRouter\Router { private $input = FALSE; private ?EasyProjects\SimpleRouter\Cors $cors = class EasyProjects\SimpleRouter\Cors {  } }, $tokenMiddleware = *uninitialized*, $profileController = *uninitialized*) C:\wamp64\www\APITuanichat\index.php:46
[12-Nov-2025 19:51:55 UTC] PHP   3. EasyProjects\SimpleRouter\Router->post($root = '/profile/avatar/{userId}', ...$callbacks = variadic(class Closure { virtual $closure = "$this->App\Routers\{closure}", public $static = ['tokenMiddleware' => class App\Middlewares\TokenMiddleware { ... }]; public $this = class App\Routers\ProfileRouter {  } }, class Closure { virtual $closure = "$this->App\Routers\{closure}", public $static = ['profileController' => class App\Controllers\ProfileController { ... }]; public $this = class App\Routers\ProfileRouter {  } })) C:\wamp64\www\APITuanichat\App\Routers\ProfileRouter.php:42
[12-Nov-2025 19:51:55 UTC] PHP   4. EasyProjects\SimpleRouter\Router->WriteRoot($root = '/profile/avatar/{userId}', $regex = '\\/APITuanichat\\/profile\\/avatar\\/(.*?)\\/', $uri = '/APItuanichat/profile/avatar/2/') C:\wamp64\www\APITuanichat\vendor\easy-projects\simple-router\src\Router.php:123
[12-Nov-2025 19:51:55 UTC] PHP Deprecated:  urldecode(): Passing null to parameter #1 ($string) of type string is deprecated in C:\wamp64\www\APITuanichat\vendor\easy-projects\simple-router\src\Request.php on line 45
[12-Nov-2025 19:51:55 UTC] PHP Stack trace:
[12-Nov-2025 19:51:55 UTC] PHP   1. {main}() C:\wamp64\www\APITuanichat\index.php:0
[12-Nov-2025 19:51:55 UTC] PHP   2. App\Routers\ProfileRouter->__construct($router = class EasyProjects\SimpleRouter\Router { private $input = NULL; private ?EasyProjects\SimpleRouter\Cors $cors = class EasyProjects\SimpleRouter\Cors {  } }, $tokenMiddleware = *uninitialized*, $profileController = *uninitialized*) C:\wamp64\www\APITuanichat\index.php:46
[12-Nov-2025 19:51:55 UTC] PHP   3. EasyProjects\SimpleRouter\Router->post($root = '/profile/avatar/{userId}', ...$callbacks = variadic(class Closure { virtual $closure = "$this->App\Routers\{closure}", public $static = ['tokenMiddleware' => class App\Middlewares\TokenMiddleware { ... }]; public $this = class App\Routers\ProfileRouter {  } }, class Closure { virtual $closure = "$this->App\Routers\{closure}", public $static = ['profileController' => class App\Controllers\ProfileController { ... }]; public $this = class App\Routers\ProfileRouter {  } })) C:\wamp64\www\APITuanichat\App\Routers\ProfileRouter.php:42
[12-Nov-2025 19:51:55 UTC] PHP   4. EasyProjects\SimpleRouter\Request->__construct($body = [], $params = ['userId' => NULL], $headers = ['Host' => 'localhost', 'Connection' => 'keep-alive', 'Content-Length' => '1902', 'sec-ch-ua-platform' => '"Windows"', 'Authorization' => 'Bearer eyJ0eXAiOiJKV1QiLCJhbGciOiJIUzI1NiJ9.eyJ1c2VyX2lkIjoyLCJlbWFpbCI6ImFkbWluMkBhZG1pbjIiLCJpYXQiOjE3NjI5NzcwMzgsImV4cCI6MTc2Mjk4MDYzOH0.ww8MnGVH7_GXF1VTHhNhS-x86UscJGM51EAR0ZrTSYU', 'User-Agent' => 'Mozilla/5.0 (Windows NT 10.0; Win64; x64) AppleWebKit/537.36 (KHTML, like Gecko) Chrome/135.0.0.0 Safari/537.36 OPR/120.0.0.0', 'sec-ch-ua' => '"Opera";v="120", "Not-A.Brand";v="8", "Chromium";v="135"', 'Content-Type' => 'multipart/form-data; boundary=----WebKitFormBoundarycy7B0AT6FAkfBke3', 'sec-ch-ua-mobile' => '?0', 'Accept' => '*/*', 'Origin' => 'http://localhost:3000', 'Sec-Fetch-Site' => 'same-site', 'Sec-Fetch-Mode' => 'cors', 'Sec-Fetch-Dest' => 'empty', 'Referer' => 'http://localhost:3000/', 'Accept-Encoding' => 'gzip, deflate, br, zstd', 'Accept-Language' => 'es-ES,es;q=0.9,en;q=0.8,fr;q=0.7'], $query = []) C:\wamp64\www\APITuanichat\vendor\easy-projects\simple-router\src\Router.php:129
[12-Nov-2025 19:51:55 UTC] PHP   5. EasyProjects\SimpleRouter\Request->decodeUrlData($params = ['userId' => NULL]) C:\wamp64\www\APITuanichat\vendor\easy-projects\simple-router\src\Request.php:13
[12-Nov-2025 19:51:55 UTC] PHP   6. urldecode($string = NULL) C:\wamp64\www\APITuanichat\vendor\easy-projects\simple-router\src\Request.php:45
[12-Nov-2025 19:51:56 UTC] PHP Fatal error:  Uncaught TypeError: App\Models\ProfileModel::updateAvatar(): Argument #1 ($userId) must be of type int, string given, called in C:\wamp64\www\APITuanichat\App\Controllers\ProfileController.php on line 114 and defined in C:\wamp64\www\APITuanichat\App\Models\ProfileModel.php:97
Stack trace:
#0 C:\wamp64\www\APITuanichat\App\Controllers\ProfileController.php(114): App\Models\ProfileModel->updateAvatar('', '/uploads/avatar...')
#1 C:\wamp64\www\APITuanichat\App\Routers\ProfileRouter.php(41): App\Controllers\ProfileController->updateAvatar()
#2 C:\wamp64\www\APITuanichat\vendor\easy-projects\simple-router\src\Router.php(135): App\Routers\ProfileRouter->App\Routers\{closure}(Object(EasyProjects\SimpleRouter\Request), Object(EasyProjects\SimpleRouter\Response))
#3 C:\wamp64\www\APITuanichat\App\Routers\ProfileRouter.php(42): EasyProjects\SimpleRouter\Router->post('/profile/avatar...', Object(Closure), Object(Closure))
#4 C:\wamp64\www\APITuanichat\index.php(46): App\Routers\ProfileRouter->__construct(Object(EasyProjects\SimpleRouter\Router))
#5 {main}
  thrown in C:\wamp64\www\APITuanichat\App\Models\ProfileModel.php on line 97
[12-Nov-2025 19:51:59 UTC] PHP Warning:  Undefined array key 0 in C:\wamp64\www\APITuanichat\vendor\easy-projects\simple-router\src\Router.php on line 41
[12-Nov-2025 19:51:59 UTC] PHP Stack trace:
[12-Nov-2025 19:51:59 UTC] PHP   1. {main}() C:\wamp64\www\APITuanichat\index.php:0
[12-Nov-2025 19:51:59 UTC] PHP   2. App\Routers\ProfileRouter->__construct($router = class EasyProjects\SimpleRouter\Router { private $input = FALSE; private ?EasyProjects\SimpleRouter\Cors $cors = class EasyProjects\SimpleRouter\Cors {  } }, $tokenMiddleware = *uninitialized*, $profileController = *uninitialized*) C:\wamp64\www\APITuanichat\index.php:46
[12-Nov-2025 19:51:59 UTC] PHP   3. EasyProjects\SimpleRouter\Router->post($root = '/profile/avatar/{userId}', ...$callbacks = variadic(class Closure { virtual $closure = "$this->App\Routers\{closure}", public $static = ['tokenMiddleware' => class App\Middlewares\TokenMiddleware { ... }]; public $this = class App\Routers\ProfileRouter {  } }, class Closure { virtual $closure = "$this->App\Routers\{closure}", public $static = ['profileController' => class App\Controllers\ProfileController { ... }]; public $this = class App\Routers\ProfileRouter {  } })) C:\wamp64\www\APITuanichat\App\Routers\ProfileRouter.php:42
[12-Nov-2025 19:51:59 UTC] PHP   4. EasyProjects\SimpleRouter\Router->WriteRoot($root = '/profile/avatar/{userId}', $regex = '\\/APITuanichat\\/profile\\/avatar\\/(.*?)\\/', $uri = '/APItuanichat/profile/avatar/2/') C:\wamp64\www\APITuanichat\vendor\easy-projects\simple-router\src\Router.php:123
[12-Nov-2025 19:51:59 UTC] PHP Deprecated:  urldecode(): Passing null to parameter #1 ($string) of type string is deprecated in C:\wamp64\www\APITuanichat\vendor\easy-projects\simple-router\src\Request.php on line 45
[12-Nov-2025 19:51:59 UTC] PHP Stack trace:
[12-Nov-2025 19:51:59 UTC] PHP   1. {main}() C:\wamp64\www\APITuanichat\index.php:0
[12-Nov-2025 19:51:59 UTC] PHP   2. App\Routers\ProfileRouter->__construct($router = class EasyProjects\SimpleRouter\Router { private $input = NULL; private ?EasyProjects\SimpleRouter\Cors $cors = class EasyProjects\SimpleRouter\Cors {  } }, $tokenMiddleware = *uninitialized*, $profileController = *uninitialized*) C:\wamp64\www\APITuanichat\index.php:46
[12-Nov-2025 19:51:59 UTC] PHP   3. EasyProjects\SimpleRouter\Router->post($root = '/profile/avatar/{userId}', ...$callbacks = variadic(class Closure { virtual $closure = "$this->App\Routers\{closure}", public $static = ['tokenMiddleware' => class App\Middlewares\TokenMiddleware { ... }]; public $this = class App\Routers\ProfileRouter {  } }, class Closure { virtual $closure = "$this->App\Routers\{closure}", public $static = ['profileController' => class App\Controllers\ProfileController { ... }]; public $this = class App\Routers\ProfileRouter {  } })) C:\wamp64\www\APITuanichat\App\Routers\ProfileRouter.php:42
[12-Nov-2025 19:51:59 UTC] PHP   4. EasyProjects\SimpleRouter\Request->__construct($body = [], $params = ['userId' => NULL], $headers = ['Host' => 'localhost', 'Connection' => 'keep-alive', 'Content-Length' => '1902', 'sec-ch-ua-platform' => '"Windows"', 'Authorization' => 'Bearer eyJ0eXAiOiJKV1QiLCJhbGciOiJIUzI1NiJ9.eyJ1c2VyX2lkIjoyLCJlbWFpbCI6ImFkbWluMkBhZG1pbjIiLCJpYXQiOjE3NjI5NzcwMzgsImV4cCI6MTc2Mjk4MDYzOH0.ww8MnGVH7_GXF1VTHhNhS-x86UscJGM51EAR0ZrTSYU', 'User-Agent' => 'Mozilla/5.0 (Windows NT 10.0; Win64; x64) AppleWebKit/537.36 (KHTML, like Gecko) Chrome/135.0.0.0 Safari/537.36 OPR/120.0.0.0', 'sec-ch-ua' => '"Opera";v="120", "Not-A.Brand";v="8", "Chromium";v="135"', 'Content-Type' => 'multipart/form-data; boundary=----WebKitFormBoundaryFccmT0h9atdUXkaF', 'sec-ch-ua-mobile' => '?0', 'Accept' => '*/*', 'Origin' => 'http://localhost:3000', 'Sec-Fetch-Site' => 'same-site', 'Sec-Fetch-Mode' => 'cors', 'Sec-Fetch-Dest' => 'empty', 'Referer' => 'http://localhost:3000/', 'Accept-Encoding' => 'gzip, deflate, br, zstd', 'Accept-Language' => 'es-ES,es;q=0.9,en;q=0.8,fr;q=0.7'], $query = []) C:\wamp64\www\APITuanichat\vendor\easy-projects\simple-router\src\Router.php:129
[12-Nov-2025 19:51:59 UTC] PHP   5. EasyProjects\SimpleRouter\Request->decodeUrlData($params = ['userId' => NULL]) C:\wamp64\www\APITuanichat\vendor\easy-projects\simple-router\src\Request.php:13
[12-Nov-2025 19:51:59 UTC] PHP   6. urldecode($string = NULL) C:\wamp64\www\APITuanichat\vendor\easy-projects\simple-router\src\Request.php:45
[12-Nov-2025 19:51:59 UTC] PHP Fatal error:  Uncaught TypeError: App\Models\ProfileModel::updateAvatar(): Argument #1 ($userId) must be of type int, string given, called in C:\wamp64\www\APITuanichat\App\Controllers\ProfileController.php on line 114 and defined in C:\wamp64\www\APITuanichat\App\Models\ProfileModel.php:97
Stack trace:
#0 C:\wamp64\www\APITuanichat\App\Controllers\ProfileController.php(114): App\Models\ProfileModel->updateAvatar('', '/uploads/avatar...')
#1 C:\wamp64\www\APITuanichat\App\Routers\ProfileRouter.php(41): App\Controllers\ProfileController->updateAvatar()
#2 C:\wamp64\www\APITuanichat\vendor\easy-projects\simple-router\src\Router.php(135): App\Routers\ProfileRouter->App\Routers\{closure}(Object(EasyProjects\SimpleRouter\Request), Object(EasyProjects\SimpleRouter\Response))
#3 C:\wamp64\www\APITuanichat\App\Routers\ProfileRouter.php(42): EasyProjects\SimpleRouter\Router->post('/profile/avatar...', Object(Closure), Object(Closure))
#4 C:\wamp64\www\APITuanichat\index.php(46): App\Routers\ProfileRouter->__construct(Object(EasyProjects\SimpleRouter\Router))
#5 {main}
  thrown in C:\wamp64\www\APITuanichat\App\Models\ProfileModel.php on line 97
[12-Nov-2025 19:52:15 UTC] PHP Warning:  Undefined array key 0 in C:\wamp64\www\APITuanichat\vendor\easy-projects\simple-router\src\Router.php on line 41
[12-Nov-2025 19:52:15 UTC] PHP Stack trace:
[12-Nov-2025 19:52:15 UTC] PHP   1. {main}() C:\wamp64\www\APITuanichat\index.php:0
[12-Nov-2025 19:52:15 UTC] PHP   2. App\Routers\ProfileRouter->__construct($router = class EasyProjects\SimpleRouter\Router { private $input = FALSE; private ?EasyProjects\SimpleRouter\Cors $cors = class EasyProjects\SimpleRouter\Cors {  } }, $tokenMiddleware = *uninitialized*, $profileController = *uninitialized*) C:\wamp64\www\APITuanichat\index.php:46
[12-Nov-2025 19:52:15 UTC] PHP   3. EasyProjects\SimpleRouter\Router->post($root = '/profile/avatar/{userId}', ...$callbacks = variadic(class Closure { virtual $closure = "$this->App\Routers\{closure}", public $static = ['tokenMiddleware' => class App\Middlewares\TokenMiddleware { ... }]; public $this = class App\Routers\ProfileRouter {  } }, class Closure { virtual $closure = "$this->App\Routers\{closure}", public $static = ['profileController' => class App\Controllers\ProfileController { ... }]; public $this = class App\Routers\ProfileRouter {  } })) C:\wamp64\www\APITuanichat\App\Routers\ProfileRouter.php:42
[12-Nov-2025 19:52:15 UTC] PHP   4. EasyProjects\SimpleRouter\Router->WriteRoot($root = '/profile/avatar/{userId}', $regex = '\\/APITuanichat\\/profile\\/avatar\\/(.*?)\\/', $uri = '/APItuanichat/profile/avatar/2/') C:\wamp64\www\APITuanichat\vendor\easy-projects\simple-router\src\Router.php:123
[12-Nov-2025 19:52:15 UTC] PHP Deprecated:  urldecode(): Passing null to parameter #1 ($string) of type string is deprecated in C:\wamp64\www\APITuanichat\vendor\easy-projects\simple-router\src\Request.php on line 45
[12-Nov-2025 19:52:15 UTC] PHP Stack trace:
[12-Nov-2025 19:52:15 UTC] PHP   1. {main}() C:\wamp64\www\APITuanichat\index.php:0
[12-Nov-2025 19:52:15 UTC] PHP   2. App\Routers\ProfileRouter->__construct($router = class EasyProjects\SimpleRouter\Router { private $input = NULL; private ?EasyProjects\SimpleRouter\Cors $cors = class EasyProjects\SimpleRouter\Cors {  } }, $tokenMiddleware = *uninitialized*, $profileController = *uninitialized*) C:\wamp64\www\APITuanichat\index.php:46
[12-Nov-2025 19:52:15 UTC] PHP   3. EasyProjects\SimpleRouter\Router->post($root = '/profile/avatar/{userId}', ...$callbacks = variadic(class Closure { virtual $closure = "$this->App\Routers\{closure}", public $static = ['tokenMiddleware' => class App\Middlewares\TokenMiddleware { ... }]; public $this = class App\Routers\ProfileRouter {  } }, class Closure { virtual $closure = "$this->App\Routers\{closure}", public $static = ['profileController' => class App\Controllers\ProfileController { ... }]; public $this = class App\Routers\ProfileRouter {  } })) C:\wamp64\www\APITuanichat\App\Routers\ProfileRouter.php:42
[12-Nov-2025 19:52:15 UTC] PHP   4. EasyProjects\SimpleRouter\Request->__construct($body = [], $params = ['userId' => NULL], $headers = ['Host' => 'localhost', 'Connection' => 'keep-alive', 'Content-Length' => '8674', 'sec-ch-ua-platform' => '"Windows"', 'Authorization' => 'Bearer eyJ0eXAiOiJKV1QiLCJhbGciOiJIUzI1NiJ9.eyJ1c2VyX2lkIjoyLCJlbWFpbCI6ImFkbWluMkBhZG1pbjIiLCJpYXQiOjE3NjI5NzcwMzgsImV4cCI6MTc2Mjk4MDYzOH0.ww8MnGVH7_GXF1VTHhNhS-x86UscJGM51EAR0ZrTSYU', 'User-Agent' => 'Mozilla/5.0 (Windows NT 10.0; Win64; x64) AppleWebKit/537.36 (KHTML, like Gecko) Chrome/135.0.0.0 Safari/537.36 OPR/120.0.0.0', 'sec-ch-ua' => '"Opera";v="120", "Not-A.Brand";v="8", "Chromium";v="135"', 'Content-Type' => 'multipart/form-data; boundary=----WebKitFormBoundarydyOAbW0CvMRPdiT6', 'sec-ch-ua-mobile' => '?0', 'Accept' => '*/*', 'Origin' => 'http://localhost:3000', 'Sec-Fetch-Site' => 'same-site', 'Sec-Fetch-Mode' => 'cors', 'Sec-Fetch-Dest' => 'empty', 'Referer' => 'http://localhost:3000/', 'Accept-Encoding' => 'gzip, deflate, br, zstd', 'Accept-Language' => 'es-ES,es;q=0.9,en;q=0.8,fr;q=0.7'], $query = []) C:\wamp64\www\APITuanichat\vendor\easy-projects\simple-router\src\Router.php:129
[12-Nov-2025 19:52:15 UTC] PHP   5. EasyProjects\SimpleRouter\Request->decodeUrlData($params = ['userId' => NULL]) C:\wamp64\www\APITuanichat\vendor\easy-projects\simple-router\src\Request.php:13
[12-Nov-2025 19:52:15 UTC] PHP   6. urldecode($string = NULL) C:\wamp64\www\APITuanichat\vendor\easy-projects\simple-router\src\Request.php:45
[12-Nov-2025 19:52:15 UTC] PHP Fatal error:  Uncaught TypeError: App\Models\ProfileModel::updateAvatar(): Argument #1 ($userId) must be of type int, string given, called in C:\wamp64\www\APITuanichat\App\Controllers\ProfileController.php on line 114 and defined in C:\wamp64\www\APITuanichat\App\Models\ProfileModel.php:97
Stack trace:
#0 C:\wamp64\www\APITuanichat\App\Controllers\ProfileController.php(114): App\Models\ProfileModel->updateAvatar('', '/uploads/avatar...')
#1 C:\wamp64\www\APITuanichat\App\Routers\ProfileRouter.php(41): App\Controllers\ProfileController->updateAvatar()
#2 C:\wamp64\www\APITuanichat\vendor\easy-projects\simple-router\src\Router.php(135): App\Routers\ProfileRouter->App\Routers\{closure}(Object(EasyProjects\SimpleRouter\Request), Object(EasyProjects\SimpleRouter\Response))
#3 C:\wamp64\www\APITuanichat\App\Routers\ProfileRouter.php(42): EasyProjects\SimpleRouter\Router->post('/profile/avatar...', Object(Closure), Object(Closure))
#4 C:\wamp64\www\APITuanichat\index.php(46): App\Routers\ProfileRouter->__construct(Object(EasyProjects\SimpleRouter\Router))
#5 {main}
  thrown in C:\wamp64\www\APITuanichat\App\Models\ProfileModel.php on line 97
